# JRE version: Java(TM) SE Runtime Environment (7.0_67-b01) (build 1.7.0_67-b01)
# Java VM: Java HotSpot(TM) 64-Bit Server VM (24.65-b04 mixed mode bsd-amd64 compressed oops)
Heap
 PSYoungGen      total 38912K, used 15688K [0x0000000165700000, 0x0000000168200000, 0x0000000190200000)
  eden space 33792K, 31% used [0x0000000165700000,0x000000016615a0e0,0x0000000167800000)
  from space 5120K, 99% used [0x0000000167d00000,0x00000001681f8010,0x0000000168200000)
  to   space 5120K, 0% used [0x0000000167800000,0x0000000167800000,0x0000000167d00000)
 ParOldGen       total 87040K, used 3519K [0x0000000110200000, 0x0000000115700000, 0x0000000165700000)
  object space 87040K, 4% used [0x0000000110200000,0x000000011056ff78,0x0000000115700000)
 PSPermGen       total 21504K, used 11083K [0x000000010b000000, 0x000000010c500000, 0x0000000110200000)
  object space 21504K, 51% used [0x000000010b000000,0x000000010bad2f18,0x000000010c500000)
GC Heap History (10 events):
Event: 0.734 GC heap before
{Heap before GC invocations=1 (full 0):
 PSYoungGen      total 38912K, used 16288K [0x0000000165700000, 0x0000000168200000, 0x0000000190200000)
  eden space 33792K, 48% used [0x0000000165700000,0x00000001666e81d0,0x0000000167800000)
  from space 5120K, 0% used [0x0000000167d00000,0x0000000167d00000,0x0000000168200000)
  to   space 5120K, 0% used [0x0000000167800000,0x0000000167800000,0x0000000167d00000)
 ParOldGen       total 87040K, used 0K [0x0000000110200000, 0x0000000115700000, 0x0000000165700000)
  object space 87040K, 0% used [0x0000000110200000,0x0000000110200000,0x0000000115700000)
 PSPermGen       total 21504K, used 8484K [0x000000010b000000, 0x000000010c500000, 0x0000000110200000)
  object space 21504K, 39% used [0x000000010b000000,0x000000010b849210,0x000000010c500000)
Event: 0.741 GC heap after
Heap after GC invocations=1 (full 0):
 PSYoungGen      total 38912K, used 3190K [0x0000000165700000, 0x0000000168200000, 0x0000000190200000)
  eden space 33792K, 0% used [0x0000000165700000,0x0000000165700000,0x0000000167800000)
  from space 5120K, 62% used [0x0000000167800000,0x0000000167b1dac8,0x0000000167d00000)
  to   space 5120K, 0% used [0x0000000167d00000,0x0000000167d00000,0x0000000168200000)
 ParOldGen       total 87040K, used 8K [0x0000000110200000, 0x0000000115700000, 0x0000000165700000)
  object space 87040K, 0% used [0x0000000110200000,0x0000000110202000,0x0000000115700000)
 PSPermGen       total 21504K, used 8484K [0x000000010b000000, 0x000000010c500000, 0x0000000110200000)
  object space 21504K, 39% used [0x000000010b000000,0x000000010b849210,0x000000010c500000)
}
Event: 0.741 GC heap before
{Heap before GC invocations=2 (full 1):
 PSYoungGen      total 38912K, used 3190K [0x0000000165700000, 0x0000000168200000, 0x0000000190200000)
  eden space 33792K, 0% used [0x0000000165700000,0x0000000165700000,0x0000000167800000)
  from space 5120K, 62% used [0x0000000167800000,0x0000000167b1dac8,0x0000000167d00000)
  to   space 5120K, 0% used [0x0000000167d00000,0x0000000167d00000,0x0000000168200000)
 ParOldGen       total 87040K, used 8K [0x0000000110200000, 0x0000000115700000, 0x0000000165700000)
  object space 87040K, 0% used [0x0000000110200000,0x0000000110202000,0x0000000115700000)
 PSPermGen       total 21504K, used 8484K [0x000000010b000000, 0x000000010c500000, 0x0000000110200000)
  object space 21504K, 39% used [0x000000010b000000,0x000000010b849210,0x000000010c500000)
Event: 0.771 GC heap after
Heap after GC invocations=2 (full 1):
 PSYoungGen      total 38912K, used 0K [0x0000000165700000, 0x0000000168200000, 0x0000000190200000)
  eden space 33792K, 0% used [0x0000000165700000,0x0000000165700000,0x0000000167800000)
  from space 5120K, 0% used [0x0000000167800000,0x0000000167800000,0x0000000167d00000)
  to   space 5120K, 0% used [0x0000000167d00000,0x0000000167d00000,0x0000000168200000)
 ParOldGen       total 87040K, used 2985K [0x0000000110200000, 0x0000000115700000, 0x0000000165700000)
  object space 87040K, 3% used [0x0000000110200000,0x00000001104ea5e0,0x0000000115700000)
 PSPermGen       total 21504K, used 8482K [0x000000010b000000, 0x000000010c500000, 0x0000000110200000)
  object space 21504K, 39% used [0x000000010b000000,0x000000010b848ac8,0x000000010c500000)
}
Event: 1.713 GC heap before
{Heap before GC invocations=3 (full 1):
 PSYoungGen      total 38912K, used 33792K [0x0000000165700000, 0x0000000168200000, 0x0000000190200000)
  eden space 33792K, 100% used [0x0000000165700000,0x0000000167800000,0x0000000167800000)
  from space 5120K, 0% used [0x0000000167800000,0x0000000167800000,0x0000000167d00000)
  to   space 5120K, 0% used [0x0000000167d00000,0x0000000167d00000,0x0000000168200000)
 ParOldGen       total 87040K, used 2985K [0x0000000110200000, 0x0000000115700000, 0x0000000165700000)
  object space 87040K, 3% used [0x0000000110200000,0x00000001104ea5e0,0x0000000115700000)
 PSPermGen       total 21504K, used 10567K [0x000000010b000000, 0x000000010c500000, 0x0000000110200000)
  object space 21504K, 49% used [0x000000010b000000,0x000000010ba51f18,0x000000010c500000)
Event: 1.719 GC heap after
Heap after GC invocations=3 (full 1):
 PSYoungGen      total 38912K, used 5088K [0x0000000165700000, 0x0000000168200000, 0x0000000190200000)
  eden space 33792K, 0% used [0x0000000165700000,0x0000000165700000,0x0000000167800000)
  from space 5120K, 99% used [0x0000000167d00000,0x00000001681f8010,0x0000000168200000)
  to   space 5120K, 0% used [0x0000000167800000,0x0000000167800000,0x0000000167d00000)
 ParOldGen       total 87040K, used 3358K [0x0000000110200000, 0x0000000115700000, 0x0000000165700000)
  object space 87040K, 3% used [0x0000000110200000,0x0000000110547ae8,0x0000000115700000)
 PSPermGen       total 21504K, used 10567K [0x000000010b000000, 0x000000010c500000, 0x0000000110200000)
  object space 21504K, 49% used [0x000000010b000000,0x000000010ba51f18,0x000000010c500000)
}
Event: 6.167 GC heap before
{Heap before GC invocations=4 (full 1):
 PSYoungGen      total 38912K, used 38880K [0x0000000165700000, 0x0000000168200000, 0x0000000190200000)
  eden space 33792K, 100% used [0x0000000165700000,0x0000000167800000,0x0000000167800000)
  from space 5120K, 99% used [0x0000000167d00000,0x00000001681f8010,0x0000000168200000)
  to   space 5120K, 0% used [0x0000000167800000,0x0000000167800000,0x0000000167d00000)
 ParOldGen       total 87040K, used 3358K [0x0000000110200000, 0x0000000115700000, 0x0000000165700000)
  object space 87040K, 3% used [0x0000000110200000,0x0000000110547ae8,0x0000000115700000)
 PSPermGen       total 21504K, used 11057K [0x000000010b000000, 0x000000010c500000, 0x0000000110200000)
  object space 21504K, 51% used [0x000000010b000000,0x000000010bacc7a8,0x000000010c500000)
Event: 6.172 GC heap after
Heap after GC invocations=4 (full 1):
 PSYoungGen      total 38912K, used 5088K [0x0000000165700000, 0x0000000168200000, 0x0000000190200000)
  eden space 33792K, 0% used [0x0000000165700000,0x0000000165700000,0x0000000167800000)
  from space 5120K, 99% used [0x0000000167800000,0x0000000167cf8010,0x0000000167d00000)
  to   space 5120K, 0% used [0x0000000167d00000,0x0000000167d00000,0x0000000168200000)
 ParOldGen       total 87040K, used 3479K [0x0000000110200000, 0x0000000115700000, 0x0000000165700000)
  object space 87040K, 3% used [0x0000000110200000,0x0000000110565f78,0x0000000115700000)
 PSPermGen       total 21504K, used 11057K [0x000000010b000000, 0x000000010c500000, 0x0000000110200000)
  object space 21504K, 51% used [0x000000010b000000,0x000000010bacc7a8,0x000000010c500000)
}
Event: 11.634 GC heap before
{Heap before GC invocations=5 (full 1):
 PSYoungGen      total 38912K, used 38880K [0x0000000165700000, 0x0000000168200000, 0x0000000190200000)
  eden space 33792K, 100% used [0x0000000165700000,0x0000000167800000,0x0000000167800000)
  from space 5120K, 99% used [0x0000000167800000,0x0000000167cf8010,0x0000000167d00000)
  to   space 5120K, 0% used [0x0000000167d00000,0x0000000167d00000,0x0000000168200000)
 ParOldGen       total 87040K, used 3479K [0x0000000110200000, 0x0000000115700000, 0x0000000165700000)
  object space 87040K, 3% used [0x0000000110200000,0x0000000110565f78,0x0000000115700000)
 PSPermGen       total 21504K, used 11075K [0x000000010b000000, 0x000000010c500000, 0x0000000110200000)
  object space 21504K, 51% used [0x000000010b000000,0x000000010bad0e70,0x000000010c500000)
Event: 11.639 GC heap after
Heap after GC invocations=5 (full 1):
 PSYoungGen      total 38912K, used 5088K [0x0000000165700000, 0x0000000168200000, 0x0000000190200000)
  eden space 33792K, 0% used [0x0000000165700000,0x0000000165700000,0x0000000167800000)
  from space 5120K, 99% used [0x0000000167d00000,0x00000001681f8010,0x0000000168200000)
  to   space 5120K, 0% used [0x0000000167800000,0x0000000167800000,0x0000000167d00000)
 ParOldGen       total 87040K, used 3519K [0x0000000110200000, 0x0000000115700000, 0x0000000165700000)
  object space 87040K, 4% used [0x0000000110200000,0x000000011056ff78,0x0000000115700000)
 PSPermGen       total 21504K, used 11075K [0x000000010b000000, 0x000000010c500000, 0x0000000110200000)
  object space 21504K, 51% used [0x000000010b000000,0x000000010bad0e70,0x000000010c500000)
}

